TN:
SF:/home/danielsire/dev/node/flights-ui/src/components/flight/list.vue
FNF:0
FNH:0
DA:44,1
LF:1
LH:1
BRF:0
BRH:0
end_of_record
TN:
SF:/home/danielsire/dev/node/flights-ui/src/components/flight/search.vue
FNF:0
FNH:0
DA:18,0
DA:22,0
DA:26,0
LF:3
LH:0
BRF:0
BRH:0
end_of_record
TN:
SF:/home/danielsire/dev/node/flights-ui/src/components/flight/detail.vue
FNF:0
FNH:0
DA:73,0
DA:76,0
LF:2
LH:0
BRF:0
BRH:0
end_of_record
TN:
SF:/home/danielsire/dev/node/flights-ui/src/components/home.vue
FNF:0
FNH:0
DA:29,0
LF:1
LH:0
BRF:0
BRH:0
end_of_record
TN:
SF:/home/danielsire/dev/node/flights-ui/src/filters/format-date.js
FN:4,(anonymous_0)
FNF:1
FNH:0
FNDA:0,(anonymous_0)
DA:4,1
DA:5,0
DA:6,0
DA:8,1
LF:4
LH:2
BRDA:5,0,0,0
BRDA:5,0,1,0
BRF:2
BRH:0
end_of_record
TN:
SF:/home/danielsire/dev/node/flights-ui/src/plugins/vuetify.js
FNF:0
FNH:0
DA:5,1
LF:1
LH:1
BRF:0
BRH:0
end_of_record
TN:
SF:/home/danielsire/dev/node/flights-ui/src/routers/index.js
FNF:0
FNH:0
DA:6,1
DA:8,1
LF:2
LH:2
BRF:0
BRH:0
end_of_record
TN:
SF:/home/danielsire/dev/node/flights-ui/src/store/index.js
FNF:0
FNH:0
DA:5,1
LF:1
LH:1
BRF:0
BRH:0
end_of_record
TN:
SF:/home/danielsire/dev/node/flights-ui/src/store/flight/index.js
FNF:0
FNH:0
LF:0
LH:0
BRF:0
BRH:0
end_of_record
TN:
SF:/home/danielsire/dev/node/flights-ui/src/store/flight/state.js
FNF:0
FNH:0
LF:0
LH:0
BRF:0
BRH:0
end_of_record
TN:
SF:/home/danielsire/dev/node/flights-ui/src/store/flight/actions.js
FN:7,(anonymous_0)
FN:9,(anonymous_1)
FN:19,(anonymous_2)
FNF:3
FNH:0
FNDA:0,(anonymous_0)
FNDA:0,(anonymous_1)
FNDA:0,(anonymous_2)
DA:4,1
DA:6,1
DA:7,0
DA:9,1
DA:11,0
DA:12,0
DA:13,0
DA:15,0
DA:16,0
DA:19,1
DA:20,0
DA:21,0
LF:12
LH:4
BRF:0
BRH:0
end_of_record
TN:
SF:/home/danielsire/dev/node/flights-ui/src/store/flight/getters.js
FN:1,(anonymous_0)
FN:2,(anonymous_1)
FNF:2
FNH:0
FNDA:0,(anonymous_0)
FNDA:0,(anonymous_1)
DA:1,1
DA:2,1
LF:2
LH:2
BRF:0
BRH:0
end_of_record
TN:
SF:/home/danielsire/dev/node/flights-ui/src/store/flight/mutations.js
FN:1,(anonymous_0)
FN:2,(anonymous_1)
FNF:2
FNH:0
FNDA:0,(anonymous_0)
FNDA:0,(anonymous_1)
DA:1,1
DA:2,1
LF:2
LH:2
BRF:0
BRH:0
end_of_record
